<?xml version="1.0" encoding="UTF-8"?><testrun name="TestRunner" project="electricitybill" tests="6" started="6" failures="0" errors="2" ignored="0">
  <testsuite name="stepdefs.TestRunner" time="0.655">
    <testsuite name="Calculate electricity bill" time="0.655">
      <testcase name="Calculate Energy Charges Units consumed upto 50 units #1" classname="Calculate electricity bill" time="0.499"/>
      <testcase name="Calculate Energy Charges Units consumed upto 50 units #2" classname="Calculate electricity bill" time="0.01"/>
      <testcase name="Calculate FCA Charges Units consumed upto 50 units #1" classname="Calculate electricity bill" time="0.015"/>
      <testcase name="Calculate FCA Charges Units consumed upto 50 units #2" classname="Calculate electricity bill" time="0.01"/>
      <testcase name="Calculate Total Duty Charge Units consumed upto 50 units #1" classname="Calculate electricity bill" time="0.106">
        <error>io.cucumber.junit.UndefinedStepException: The step "I verify slab wise duty charges" is undefined. You can implement it using the snippet(s) below:

@Then("I verify slab wise duty charges")
public void i_verify_slab_wise_duty_charges() {
    // Write code here that turns the phrase above into concrete actions
    throw new io.cucumber.java.PendingException();
}
&#13;
&#13;
</error>
      </testcase>
      <testcase name="Calculate Total Duty Charge Units consumed upto 50 units #2" classname="Calculate electricity bill" time="0.014">
        <error>io.cucumber.junit.UndefinedStepException: The step "I verify slab wise duty charges" is undefined. You can implement it using the snippet(s) below:

@Then("I verify slab wise duty charges")
public void i_verify_slab_wise_duty_charges() {
    // Write code here that turns the phrase above into concrete actions
    throw new io.cucumber.java.PendingException();
}
&#13;
&#13;
</error>
      </testcase>
    </testsuite>
  </testsuite>
</testrun>
