<?xml version="1.0" encoding="UTF-8" ?>
<testsuite tests="8" failures="0" name="electricitybill.TestRunner" time="0.644" errors="8" skipped="0">
  <properties>
[...]
</properties>
  <testcase classname="Calculate electricity bill" name="Calculate Energy Charges Units consumed upto 50 units #1" time="0.551">
    <error message="The step &quot;the slab is &lt;slab&gt;&quot; is undefined. You can implement it using the snippet(s) below:

@Given(&quot;the slab is &lt;slab&gt;&quot;)
public void the_slab_is_slab() {
    // Write code here that turns the phrase above into concrete actions
    throw new io.cucumber.java.PendingException();
}


Some other steps were also undefined:

@When(&quot;I check for the energy charges&quot;)
public void i_check_for_the_energy_charges() {
    // Write code here that turns the phrase above into concrete actions
    throw new io.cucumber.java.PendingException();
}
@Then(&quot;I verify the {int}&quot;)
public void i_verify_the(Integer int1) {
    // Write code here that turns the phrase above into concrete actions
    throw new io.cucumber.java.PendingException();
}
" type="io.cucumber.junit.UndefinedStepException">io.cucumber.junit.UndefinedStepException: The step &quot;the slab is &lt;slab&gt;&quot; is undefined. You can implement it using the snippet(s) below:

@Given(&quot;the slab is &lt;slab&gt;&quot;)
public void the_slab_is_slab() {
    // Write code here that turns the phrase above into concrete actions
    throw new io.cucumber.java.PendingException();
}


Some other steps were also undefined:

@When(&quot;I check for the energy charges&quot;)
public void i_check_for_the_energy_charges() {
    // Write code here that turns the phrase above into concrete actions
    throw new io.cucumber.java.PendingException();
}
@Then(&quot;I verify the {int}&quot;)
public void i_verify_the(Integer int1) {
    // Write code here that turns the phrase above into concrete actions
    throw new io.cucumber.java.PendingException();
}

</error>
    <system-out>
Scenario Outline: Calculate Energy Charges Units consumed upto 50 units &amp;#27;[90m# src/test/resources/Electrictybill.feature:12&amp;#27;[0m
  &amp;#27;[33mAnd &amp;#27;[0m&amp;#27;[33mthe slab is &lt;slab&gt;&amp;#27;[0m                                                &amp;#27;[90m# null&amp;#27;[0m
  &amp;#27;[36mWhen &amp;#27;[0m&amp;#27;[36mI check for the energy charges&amp;#27;[0m                                   &amp;#27;[90m# null&amp;#27;[0m
  &amp;#27;[36mThen &amp;#27;[0m&amp;#27;[36mI verify the 162&amp;#27;[0m                                                 &amp;#27;[90m# null&amp;#27;[0m
</system-out>
  </testcase>
  <testcase classname="Calculate electricity bill" name="Calculate Energy Charges Units consumed upto 50 units #2" time="0.007">
    <error message="The step &quot;the slab is &lt;slab&gt;&quot; is undefined. You can implement it using the snippet(s) below:

@Given(&quot;the slab is &lt;slab&gt;&quot;)
public void the_slab_is_slab() {
    // Write code here that turns the phrase above into concrete actions
    throw new io.cucumber.java.PendingException();
}


Some other steps were also undefined:

@When(&quot;I check for the energy charges&quot;)
public void i_check_for_the_energy_charges() {
    // Write code here that turns the phrase above into concrete actions
    throw new io.cucumber.java.PendingException();
}
@Then(&quot;I verify the {double}&quot;)
public void i_verify_the(Double double1) {
    // Write code here that turns the phrase above into concrete actions
    throw new io.cucumber.java.PendingException();
}
" type="io.cucumber.junit.UndefinedStepException">io.cucumber.junit.UndefinedStepException: The step &quot;the slab is &lt;slab&gt;&quot; is undefined. You can implement it using the snippet(s) below:

@Given(&quot;the slab is &lt;slab&gt;&quot;)
public void the_slab_is_slab() {
    // Write code here that turns the phrase above into concrete actions
    throw new io.cucumber.java.PendingException();
}


Some other steps were also undefined:

@When(&quot;I check for the energy charges&quot;)
public void i_check_for_the_energy_charges() {
    // Write code here that turns the phrase above into concrete actions
    throw new io.cucumber.java.PendingException();
}
@Then(&quot;I verify the {double}&quot;)
public void i_verify_the(Double double1) {
    // Write code here that turns the phrase above into concrete actions
    throw new io.cucumber.java.PendingException();
}

</error>
    <system-out>
Scenario Outline: Calculate Energy Charges Units consumed upto 50 units &amp;#27;[90m# src/test/resources/Electrictybill.feature:13&amp;#27;[0m
  &amp;#27;[33mAnd &amp;#27;[0m&amp;#27;[33mthe slab is &lt;slab&gt;&amp;#27;[0m                                                &amp;#27;[90m# null&amp;#27;[0m
  &amp;#27;[36mWhen &amp;#27;[0m&amp;#27;[36mI check for the energy charges&amp;#27;[0m                                   &amp;#27;[90m# null&amp;#27;[0m
  &amp;#27;[36mThen &amp;#27;[0m&amp;#27;[36mI verify the 202.5&amp;#27;[0m                                               &amp;#27;[90m# null&amp;#27;[0m
</system-out>
  </testcase>
  <testcase classname="Calculate electricity bill" name="Calculate FCA Charges Units consumed upto 50 units #1" time="0.009">
    <error message="The step &quot;the slab is &lt;slab&gt;&quot; is undefined. You can implement it using the snippet(s) below:

@Given(&quot;the slab is &lt;slab&gt;&quot;)
public void the_slab_is_slab() {
    // Write code here that turns the phrase above into concrete actions
    throw new io.cucumber.java.PendingException();
}


Some other steps were also undefined:

@When(&quot;I check for the FCA charges&quot;)
public void i_check_for_the_fca_charges() {
    // Write code here that turns the phrase above into concrete actions
    throw new io.cucumber.java.PendingException();
}
@Then(&quot;I verify the {double}&quot;)
public void i_verify_the(Double double1) {
    // Write code here that turns the phrase above into concrete actions
    throw new io.cucumber.java.PendingException();
}
" type="io.cucumber.junit.UndefinedStepException">io.cucumber.junit.UndefinedStepException: The step &quot;the slab is &lt;slab&gt;&quot; is undefined. You can implement it using the snippet(s) below:

@Given(&quot;the slab is &lt;slab&gt;&quot;)
public void the_slab_is_slab() {
    // Write code here that turns the phrase above into concrete actions
    throw new io.cucumber.java.PendingException();
}


Some other steps were also undefined:

@When(&quot;I check for the FCA charges&quot;)
public void i_check_for_the_fca_charges() {
    // Write code here that turns the phrase above into concrete actions
    throw new io.cucumber.java.PendingException();
}
@Then(&quot;I verify the {double}&quot;)
public void i_verify_the(Double double1) {
    // Write code here that turns the phrase above into concrete actions
    throw new io.cucumber.java.PendingException();
}

</error>
    <system-out>
Scenario Outline: Calculate FCA Charges Units consumed upto 50 units &amp;#27;[90m# src/test/resources/Electrictybill.feature:21&amp;#27;[0m
  &amp;#27;[33mAnd &amp;#27;[0m&amp;#27;[33mthe slab is &lt;slab&gt;&amp;#27;[0m                                             &amp;#27;[90m# null&amp;#27;[0m
  &amp;#27;[36mWhen &amp;#27;[0m&amp;#27;[36mI check for the FCA charges&amp;#27;[0m                                   &amp;#27;[90m# null&amp;#27;[0m
  &amp;#27;[36mThen &amp;#27;[0m&amp;#27;[36mI verify the 5.2&amp;#27;[0m                                              &amp;#27;[90m# null&amp;#27;[0m
</system-out>
  </testcase>
  <testcase classname="Calculate electricity bill" name="Calculate FCA Charges Units consumed upto 50 units #2" time="0.012">
    <error message="The step &quot;the slab is &lt;slab&gt;&quot; is undefined. You can implement it using the snippet(s) below:

@Given(&quot;the slab is &lt;slab&gt;&quot;)
public void the_slab_is_slab() {
    // Write code here that turns the phrase above into concrete actions
    throw new io.cucumber.java.PendingException();
}


Some other steps were also undefined:

@When(&quot;I check for the FCA charges&quot;)
public void i_check_for_the_fca_charges() {
    // Write code here that turns the phrase above into concrete actions
    throw new io.cucumber.java.PendingException();
}
@Then(&quot;I verify the {double}&quot;)
public void i_verify_the(Double double1) {
    // Write code here that turns the phrase above into concrete actions
    throw new io.cucumber.java.PendingException();
}
" type="io.cucumber.junit.UndefinedStepException">io.cucumber.junit.UndefinedStepException: The step &quot;the slab is &lt;slab&gt;&quot; is undefined. You can implement it using the snippet(s) below:

@Given(&quot;the slab is &lt;slab&gt;&quot;)
public void the_slab_is_slab() {
    // Write code here that turns the phrase above into concrete actions
    throw new io.cucumber.java.PendingException();
}


Some other steps were also undefined:

@When(&quot;I check for the FCA charges&quot;)
public void i_check_for_the_fca_charges() {
    // Write code here that turns the phrase above into concrete actions
    throw new io.cucumber.java.PendingException();
}
@Then(&quot;I verify the {double}&quot;)
public void i_verify_the(Double double1) {
    // Write code here that turns the phrase above into concrete actions
    throw new io.cucumber.java.PendingException();
}

</error>
    <system-out>
Scenario Outline: Calculate FCA Charges Units consumed upto 50 units &amp;#27;[90m# src/test/resources/Electrictybill.feature:22&amp;#27;[0m
  &amp;#27;[33mAnd &amp;#27;[0m&amp;#27;[33mthe slab is &lt;slab&gt;&amp;#27;[0m                                             &amp;#27;[90m# null&amp;#27;[0m
  &amp;#27;[36mWhen &amp;#27;[0m&amp;#27;[36mI check for the FCA charges&amp;#27;[0m                                   &amp;#27;[90m# null&amp;#27;[0m
  &amp;#27;[36mThen &amp;#27;[0m&amp;#27;[36mI verify the 6.5&amp;#27;[0m                                              &amp;#27;[90m# null&amp;#27;[0m
</system-out>
  </testcase>
  <testcase classname="Calculate electricity bill" name="Calculate Duty Charges Units consumed upto 50 units #1" time="0.032">
    <error message="The step &quot;the slab is &lt;slab&gt;&quot; is undefined. You can implement it using the snippet(s) below:

@Given(&quot;the slab is &lt;slab&gt;&quot;)
public void the_slab_is_slab() {
    // Write code here that turns the phrase above into concrete actions
    throw new io.cucumber.java.PendingException();
}


Some other steps were also undefined:

@When(&quot;I check for the slab wise duty charges&quot;)
public void i_check_for_the_slab_wise_duty_charges() {
    // Write code here that turns the phrase above into concrete actions
    throw new io.cucumber.java.PendingException();
}
@When(&quot;I check for the FCA on duty charges&quot;)
public void i_check_for_the_fca_on_duty_charges() {
    // Write code here that turns the phrase above into concrete actions
    throw new io.cucumber.java.PendingException();
}
@Then(&quot;I verify the {double}&quot;)
public void i_verify_the(Double double1) {
    // Write code here that turns the phrase above into concrete actions
    throw new io.cucumber.java.PendingException();
}
" type="io.cucumber.junit.UndefinedStepException">io.cucumber.junit.UndefinedStepException: The step &quot;the slab is &lt;slab&gt;&quot; is undefined. You can implement it using the snippet(s) below:

@Given(&quot;the slab is &lt;slab&gt;&quot;)
public void the_slab_is_slab() {
    // Write code here that turns the phrase above into concrete actions
    throw new io.cucumber.java.PendingException();
}


Some other steps were also undefined:

@When(&quot;I check for the slab wise duty charges&quot;)
public void i_check_for_the_slab_wise_duty_charges() {
    // Write code here that turns the phrase above into concrete actions
    throw new io.cucumber.java.PendingException();
}
@When(&quot;I check for the FCA on duty charges&quot;)
public void i_check_for_the_fca_on_duty_charges() {
    // Write code here that turns the phrase above into concrete actions
    throw new io.cucumber.java.PendingException();
}
@Then(&quot;I verify the {double}&quot;)
public void i_verify_the(Double double1) {
    // Write code here that turns the phrase above into concrete actions
    throw new io.cucumber.java.PendingException();
}

</error>
    <system-out>
Scenario Outline: Calculate Duty Charges Units consumed upto 50 units &amp;#27;[90m# src/test/resources/Electrictybill.feature:31&amp;#27;[0m
  &amp;#27;[33mAnd &amp;#27;[0m&amp;#27;[33mthe slab is &lt;slab&gt;&amp;#27;[0m                                              &amp;#27;[90m# null&amp;#27;[0m
  &amp;#27;[36mWhen &amp;#27;[0m&amp;#27;[36mI check for the slab wise duty charges&amp;#27;[0m                         &amp;#27;[90m# null&amp;#27;[0m
  &amp;#27;[36mAnd &amp;#27;[0m&amp;#27;[36mI check for the FCA on duty charges&amp;#27;[0m                             &amp;#27;[90m# null&amp;#27;[0m
  &amp;#27;[36mThen &amp;#27;[0m&amp;#27;[36mI verify the 4.068&amp;#27;[0m                                             &amp;#27;[90m# null&amp;#27;[0m
</system-out>
  </testcase>
  <testcase classname="Calculate electricity bill" name="Calculate Duty Charges Units consumed upto 50 units #2" time="0.009">
    <error message="The step &quot;the slab is &lt;slab&gt;&quot; is undefined. You can implement it using the snippet(s) below:

@Given(&quot;the slab is &lt;slab&gt;&quot;)
public void the_slab_is_slab() {
    // Write code here that turns the phrase above into concrete actions
    throw new io.cucumber.java.PendingException();
}


Some other steps were also undefined:

@When(&quot;I check for the slab wise duty charges&quot;)
public void i_check_for_the_slab_wise_duty_charges() {
    // Write code here that turns the phrase above into concrete actions
    throw new io.cucumber.java.PendingException();
}
@When(&quot;I check for the FCA on duty charges&quot;)
public void i_check_for_the_fca_on_duty_charges() {
    // Write code here that turns the phrase above into concrete actions
    throw new io.cucumber.java.PendingException();
}
@Then(&quot;I verify the {double}&quot;)
public void i_verify_the(Double double1) {
    // Write code here that turns the phrase above into concrete actions
    throw new io.cucumber.java.PendingException();
}
" type="io.cucumber.junit.UndefinedStepException">io.cucumber.junit.UndefinedStepException: The step &quot;the slab is &lt;slab&gt;&quot; is undefined. You can implement it using the snippet(s) below:

@Given(&quot;the slab is &lt;slab&gt;&quot;)
public void the_slab_is_slab() {
    // Write code here that turns the phrase above into concrete actions
    throw new io.cucumber.java.PendingException();
}


Some other steps were also undefined:

@When(&quot;I check for the slab wise duty charges&quot;)
public void i_check_for_the_slab_wise_duty_charges() {
    // Write code here that turns the phrase above into concrete actions
    throw new io.cucumber.java.PendingException();
}
@When(&quot;I check for the FCA on duty charges&quot;)
public void i_check_for_the_fca_on_duty_charges() {
    // Write code here that turns the phrase above into concrete actions
    throw new io.cucumber.java.PendingException();
}
@Then(&quot;I verify the {double}&quot;)
public void i_verify_the(Double double1) {
    // Write code here that turns the phrase above into concrete actions
    throw new io.cucumber.java.PendingException();
}

</error>
    <system-out>
Scenario Outline: Calculate Duty Charges Units consumed upto 50 units &amp;#27;[90m# src/test/resources/Electrictybill.feature:32&amp;#27;[0m
  &amp;#27;[33mAnd &amp;#27;[0m&amp;#27;[33mthe slab is &lt;slab&gt;&amp;#27;[0m                                              &amp;#27;[90m# null&amp;#27;[0m
  &amp;#27;[36mWhen &amp;#27;[0m&amp;#27;[36mI check for the slab wise duty charges&amp;#27;[0m                         &amp;#27;[90m# null&amp;#27;[0m
  &amp;#27;[36mAnd &amp;#27;[0m&amp;#27;[36mI check for the FCA on duty charges&amp;#27;[0m                             &amp;#27;[90m# null&amp;#27;[0m
  &amp;#27;[36mThen &amp;#27;[0m&amp;#27;[36mI verify the 5.085&amp;#27;[0m                                             &amp;#27;[90m# null&amp;#27;[0m
</system-out>
  </testcase>
  <testcase classname="Calculate electricity bill" name="Calculate Total Charge Units consumed upto 50 units #1" time="0.009">
    <error message="The step &quot;the slab is &lt;slab&gt;&quot; is undefined. You can implement it using the snippet(s) below:

@Given(&quot;the slab is &lt;slab&gt;&quot;)
public void the_slab_is_slab() {
    // Write code here that turns the phrase above into concrete actions
    throw new io.cucumber.java.PendingException();
}


Some other steps were also undefined:

@When(&quot;I check for the slab wise duty charges&quot;)
public void i_check_for_the_slab_wise_duty_charges() {
    // Write code here that turns the phrase above into concrete actions
    throw new io.cucumber.java.PendingException();
}
@When(&quot;I check for the FCA on duty charges&quot;)
public void i_check_for_the_fca_on_duty_charges() {
    // Write code here that turns the phrase above into concrete actions
    throw new io.cucumber.java.PendingException();
}
@Then(&quot;I verify the {double}&quot;)
public void i_verify_the(Double double1) {
    // Write code here that turns the phrase above into concrete actions
    throw new io.cucumber.java.PendingException();
}
" type="io.cucumber.junit.UndefinedStepException">io.cucumber.junit.UndefinedStepException: The step &quot;the slab is &lt;slab&gt;&quot; is undefined. You can implement it using the snippet(s) below:

@Given(&quot;the slab is &lt;slab&gt;&quot;)
public void the_slab_is_slab() {
    // Write code here that turns the phrase above into concrete actions
    throw new io.cucumber.java.PendingException();
}


Some other steps were also undefined:

@When(&quot;I check for the slab wise duty charges&quot;)
public void i_check_for_the_slab_wise_duty_charges() {
    // Write code here that turns the phrase above into concrete actions
    throw new io.cucumber.java.PendingException();
}
@When(&quot;I check for the FCA on duty charges&quot;)
public void i_check_for_the_fca_on_duty_charges() {
    // Write code here that turns the phrase above into concrete actions
    throw new io.cucumber.java.PendingException();
}
@Then(&quot;I verify the {double}&quot;)
public void i_verify_the(Double double1) {
    // Write code here that turns the phrase above into concrete actions
    throw new io.cucumber.java.PendingException();
}

</error>
    <system-out>
Scenario Outline: Calculate Total Charge Units consumed upto 50 units &amp;#27;[90m# src/test/resources/Electrictybill.feature:41&amp;#27;[0m
  &amp;#27;[33mAnd &amp;#27;[0m&amp;#27;[33mthe slab is &lt;slab&gt;&amp;#27;[0m                                              &amp;#27;[90m# null&amp;#27;[0m
  &amp;#27;[36mWhen &amp;#27;[0m&amp;#27;[36mI check for the slab wise duty charges&amp;#27;[0m                         &amp;#27;[90m# null&amp;#27;[0m
  &amp;#27;[36mAnd &amp;#27;[0m&amp;#27;[36mI check for the FCA on duty charges&amp;#27;[0m                             &amp;#27;[90m# null&amp;#27;[0m
  &amp;#27;[36mThen &amp;#27;[0m&amp;#27;[36mI verify the 171.268&amp;#27;[0m                                           &amp;#27;[90m# null&amp;#27;[0m
</system-out>
  </testcase>
  <testcase classname="Calculate electricity bill" name="Calculate Total Charge Units consumed upto 50 units #2" time="0.015">
    <error message="The step &quot;the slab is &lt;slab&gt;&quot; is undefined. You can implement it using the snippet(s) below:

@Given(&quot;the slab is &lt;slab&gt;&quot;)
public void the_slab_is_slab() {
    // Write code here that turns the phrase above into concrete actions
    throw new io.cucumber.java.PendingException();
}


Some other steps were also undefined:

@When(&quot;I check for the slab wise duty charges&quot;)
public void i_check_for_the_slab_wise_duty_charges() {
    // Write code here that turns the phrase above into concrete actions
    throw new io.cucumber.java.PendingException();
}
@When(&quot;I check for the FCA on duty charges&quot;)
public void i_check_for_the_fca_on_duty_charges() {
    // Write code here that turns the phrase above into concrete actions
    throw new io.cucumber.java.PendingException();
}
@Then(&quot;I verify the {double}&quot;)
public void i_verify_the(Double double1) {
    // Write code here that turns the phrase above into concrete actions
    throw new io.cucumber.java.PendingException();
}
" type="io.cucumber.junit.UndefinedStepException">io.cucumber.junit.UndefinedStepException: The step &quot;the slab is &lt;slab&gt;&quot; is undefined. You can implement it using the snippet(s) below:

@Given(&quot;the slab is &lt;slab&gt;&quot;)
public void the_slab_is_slab() {
    // Write code here that turns the phrase above into concrete actions
    throw new io.cucumber.java.PendingException();
}


Some other steps were also undefined:

@When(&quot;I check for the slab wise duty charges&quot;)
public void i_check_for_the_slab_wise_duty_charges() {
    // Write code here that turns the phrase above into concrete actions
    throw new io.cucumber.java.PendingException();
}
@When(&quot;I check for the FCA on duty charges&quot;)
public void i_check_for_the_fca_on_duty_charges() {
    // Write code here that turns the phrase above into concrete actions
    throw new io.cucumber.java.PendingException();
}
@Then(&quot;I verify the {double}&quot;)
public void i_verify_the(Double double1) {
    // Write code here that turns the phrase above into concrete actions
    throw new io.cucumber.java.PendingException();
}

</error>
    <system-out>
Scenario Outline: Calculate Total Charge Units consumed upto 50 units &amp;#27;[90m# src/test/resources/Electrictybill.feature:42&amp;#27;[0m
  &amp;#27;[33mAnd &amp;#27;[0m&amp;#27;[33mthe slab is &lt;slab&gt;&amp;#27;[0m                                              &amp;#27;[90m# null&amp;#27;[0m
  &amp;#27;[36mWhen &amp;#27;[0m&amp;#27;[36mI check for the slab wise duty charges&amp;#27;[0m                         &amp;#27;[90m# null&amp;#27;[0m
  &amp;#27;[36mAnd &amp;#27;[0m&amp;#27;[36mI check for the FCA on duty charges&amp;#27;[0m                             &amp;#27;[90m# null&amp;#27;[0m
  &amp;#27;[36mThen &amp;#27;[0m&amp;#27;[36mI verify the 214.085&amp;#27;[0m                                           &amp;#27;[90m# null&amp;#27;[0m
</system-out>
  </testcase>
</testsuite>